<?xml version="1.0" encoding="UTF-8"?>
<!-- Generated by org.testng.reporters.JUnitXMLReporter -->
<testsuite ignored="0" hostname="QA-TRATHI" failures="1" tests="1" name="TitleValidate" time="9.23" errors="0" timestamp="2022-05-20T11:52:04 GMT+05:30">
  <testcase classname="Academy.ValidateTitle" name="homePageTitle" time="0.062">
    <failure type="java.lang.AssertionError" message="expected [Featured Courses11] but found [Featured Courses]">
      <![CDATA[java.lang.AssertionError: expected [Featured Courses11] but found [Featured Courses]
at Academy.ValidateTitle.homePageTitle(ValidateTitle.java:29)
at java.base/java.util.ArrayList.forEach(ArrayList.java:1541)
at java.base/java.util.concurrent.FutureTask.run(FutureTask.java:264)
at java.base/java.util.concurrent.ThreadPoolExecutor.runWorker(ThreadPoolExecutor.java:1128)
at java.base/java.util.concurrent.ThreadPoolExecutor$Worker.run(ThreadPoolExecutor.java:628)
at java.base/java.lang.Thread.run(Thread.java:834)
... Removed 24 stack frames]]>
    </failure>
  </testcase> <!-- homePageTitle -->
</testsuite> <!-- TitleValidate -->
