<?xml version="1.0" encoding="UTF-8"?>
<testng-results ignored="0" total="3" passed="2" failed="1" skipped="0">
  <reporter-output>
  </reporter-output>
  <suite started-at="2022-05-20T11:51:55 GMT+05:30" name="All Test Suite" finished-at="2022-05-20T11:52:19 GMT+05:30" duration-ms="24412">
    <groups>
    </groups>
    <test started-at="2022-05-20T11:51:55 GMT+05:30" name="TitleValidate" finished-at="2022-05-20T11:52:04 GMT+05:30" duration-ms="9230">
      <class name="Academy.ValidateTitle">
        <test-method is-config="true" signature="initialize()[pri:0, instance:Academy.ValidateTitle@2bb3058]" started-at="2022-05-20T11:51:55 GMT+05:30" name="initialize" finished-at="2022-05-20T11:52:04 GMT+05:30" duration-ms="8991" status="PASS">
          <reporter-output>
          </reporter-output>
        </test-method> <!-- initialize -->
        <test-method signature="homePageTitle()[pri:0, instance:Academy.ValidateTitle@2bb3058]" started-at="2022-05-20T11:52:04 GMT+05:30" name="homePageTitle" finished-at="2022-05-20T11:52:04 GMT+05:30" duration-ms="62" status="FAIL">
          <exception class="java.lang.AssertionError">
            <message>
              <![CDATA[expected [Featured Courses11] but found [Featured Courses]]]>
            </message>
            <full-stacktrace>
              <![CDATA[java.lang.AssertionError: expected [Featured Courses11] but found [Featured Courses]
at org.testng.Assert.fail(Assert.java:110)
at org.testng.Assert.failNotEquals(Assert.java:1413)
at org.testng.Assert.assertEqualsImpl(Assert.java:149)
at org.testng.Assert.assertEquals(Assert.java:131)
at org.testng.Assert.assertEquals(Assert.java:655)
at org.testng.Assert.assertEquals(Assert.java:665)
at Academy.ValidateTitle.homePageTitle(ValidateTitle.java:29)
at java.base/jdk.internal.reflect.NativeMethodAccessorImpl.invoke0(Native Method)
at java.base/jdk.internal.reflect.NativeMethodAccessorImpl.invoke(NativeMethodAccessorImpl.java:62)
at java.base/jdk.internal.reflect.DelegatingMethodAccessorImpl.invoke(DelegatingMethodAccessorImpl.java:43)
at java.base/java.lang.reflect.Method.invoke(Method.java:566)
at org.testng.internal.invokers.MethodInvocationHelper.invokeMethod(MethodInvocationHelper.java:135)
at org.testng.internal.invokers.TestInvoker.invokeMethod(TestInvoker.java:673)
at org.testng.internal.invokers.TestInvoker.invokeTestMethod(TestInvoker.java:220)
at org.testng.internal.invokers.MethodRunner.runInSequence(MethodRunner.java:50)
at org.testng.internal.invokers.TestInvoker$MethodInvocationAgent.invoke(TestInvoker.java:945)
at org.testng.internal.invokers.TestInvoker.invokeTestMethods(TestInvoker.java:193)
at org.testng.internal.invokers.TestMethodWorker.invokeTestMethods(TestMethodWorker.java:146)
at org.testng.internal.invokers.TestMethodWorker.run(TestMethodWorker.java:128)
at java.base/java.util.ArrayList.forEach(ArrayList.java:1541)
at org.testng.TestRunner.privateRun(TestRunner.java:808)
at org.testng.TestRunner.run(TestRunner.java:603)
at org.testng.SuiteRunner.runTest(SuiteRunner.java:429)
at org.testng.SuiteRunner.access$000(SuiteRunner.java:32)
at org.testng.SuiteRunner$SuiteWorker.run(SuiteRunner.java:467)
at org.testng.internal.thread.ThreadUtil.lambda$execute$0(ThreadUtil.java:58)
at java.base/java.util.concurrent.FutureTask.run(FutureTask.java:264)
at java.base/java.util.concurrent.ThreadPoolExecutor.runWorker(ThreadPoolExecutor.java:1128)
at java.base/java.util.concurrent.ThreadPoolExecutor$Worker.run(ThreadPoolExecutor.java:628)
at java.base/java.lang.Thread.run(Thread.java:834)
]]>
            </full-stacktrace>
          </exception> <!-- java.lang.AssertionError -->
          <reporter-output>
          </reporter-output>
        </test-method> <!-- homePageTitle -->
        <test-method is-config="true" signature="tearDown()[pri:0, instance:Academy.ValidateTitle@2bb3058]" started-at="2022-05-20T11:52:04 GMT+05:30" name="tearDown" finished-at="2022-05-20T11:52:04 GMT+05:30" duration-ms="20" status="PASS">
          <reporter-output>
          </reporter-output>
        </test-method> <!-- tearDown -->
      </class> <!-- Academy.ValidateTitle -->
    </test> <!-- TitleValidate -->
    <test started-at="2022-05-20T11:51:55 GMT+05:30" name="HomePage" finished-at="2022-05-20T11:52:19 GMT+05:30" duration-ms="24412">
      <class name="Academy.HomePage">
        <test-method is-config="true" signature="initialize()[pri:0, instance:Academy.HomePage@3f91b517]" started-at="2022-05-20T11:51:55 GMT+05:30" name="initialize" finished-at="2022-05-20T11:51:59 GMT+05:30" duration-ms="3840" status="PASS">
          <reporter-output>
          </reporter-output>
        </test-method> <!-- initialize -->
        <test-method signature="homePageNavigation(java.lang.String,java.lang.String)[pri:0, instance:Academy.HomePage@3f91b517]" started-at="2022-05-20T11:51:59 GMT+05:30" name="homePageNavigation" data-provider="getData" finished-at="2022-05-20T11:52:11 GMT+05:30" duration-ms="12142" status="PASS">
          <params>
            <param index="0">
              <value>
                <![CDATA[Tejas]]>
              </value>
            </param>
            <param index="1">
              <value>
                <![CDATA[654321]]>
              </value>
            </param>
          </params>
          <reporter-output>
          </reporter-output>
        </test-method> <!-- homePageNavigation -->
        <test-method signature="homePageNavigation(java.lang.String,java.lang.String)[pri:0, instance:Academy.HomePage@3f91b517]" started-at="2022-05-20T11:52:11 GMT+05:30" name="homePageNavigation" data-provider="getData" finished-at="2022-05-20T11:52:19 GMT+05:30" duration-ms="8327" status="PASS">
          <params>
            <param index="0">
              <value>
                <![CDATA[Rathi]]>
              </value>
            </param>
            <param index="1">
              <value>
                <![CDATA[789654]]>
              </value>
            </param>
          </params>
          <reporter-output>
          </reporter-output>
        </test-method> <!-- homePageNavigation -->
        <test-method is-config="true" signature="tearDown()[pri:0, instance:Academy.HomePage@3f91b517]" started-at="2022-05-20T11:52:19 GMT+05:30" name="tearDown" finished-at="2022-05-20T11:52:19 GMT+05:30" duration-ms="76" status="PASS">
          <reporter-output>
          </reporter-output>
        </test-method> <!-- tearDown -->
      </class> <!-- Academy.HomePage -->
    </test> <!-- HomePage -->
  </suite> <!-- All Test Suite -->
</testng-results>
